C:\USERS\L.S.C\DESKTOP\DOCUMENTS\MASTER ING. INFORMATICA\GCO-GRAFICOS X COMPUTADOR\2015\FREEGLUT PROJECT 3D (2012) CAMARA PARA COPIA\FREEGLUT PROJECT 3D\DEBUG\COCHE.OBJ
C:\USERS\L.S.C\DESKTOP\DOCUMENTS\MASTER ING. INFORMATICA\GCO-GRAFICOS X COMPUTADOR\2015\FREEGLUT PROJECT 3D (2012) CAMARA PARA COPIA\FREEGLUT PROJECT 3D\DEBUG\COPA.OBJ
C:\USERS\L.S.C\DESKTOP\DOCUMENTS\MASTER ING. INFORMATICA\GCO-GRAFICOS X COMPUTADOR\2015\FREEGLUT PROJECT 3D (2012) CAMARA PARA COPIA\FREEGLUT PROJECT 3D\DEBUG\COPA2.OBJ
C:\USERS\L.S.C\DESKTOP\DOCUMENTS\MASTER ING. INFORMATICA\GCO-GRAFICOS X COMPUTADOR\2015\FREEGLUT PROJECT 3D (2012) CAMARA PARA COPIA\FREEGLUT PROJECT 3D\DEBUG\ESFERA.OBJ
C:\USERS\L.S.C\DESKTOP\DOCUMENTS\MASTER ING. INFORMATICA\GCO-GRAFICOS X COMPUTADOR\2015\FREEGLUT PROJECT 3D (2012) CAMARA PARA COPIA\FREEGLUT PROJECT 3D\DEBUG\FAROL.OBJ
C:\USERS\L.S.C\DESKTOP\DOCUMENTS\MASTER ING. INFORMATICA\GCO-GRAFICOS X COMPUTADOR\2015\FREEGLUT PROJECT 3D (2012) CAMARA PARA COPIA\FREEGLUT PROJECT 3D\DEBUG\LLANTA.OBJ
C:\USERS\L.S.C\DESKTOP\DOCUMENTS\MASTER ING. INFORMATICA\GCO-GRAFICOS X COMPUTADOR\2015\FREEGLUT PROJECT 3D (2012) CAMARA PARA COPIA\FREEGLUT PROJECT 3D\DEBUG\LUZ.OBJ
C:\USERS\L.S.C\DESKTOP\DOCUMENTS\MASTER ING. INFORMATICA\GCO-GRAFICOS X COMPUTADOR\2015\FREEGLUT PROJECT 3D (2012) CAMARA PARA COPIA\FREEGLUT PROJECT 3D\DEBUG\MAIN.OBJ
C:\USERS\L.S.C\DESKTOP\DOCUMENTS\MASTER ING. INFORMATICA\GCO-GRAFICOS X COMPUTADOR\2015\FREEGLUT PROJECT 3D (2012) CAMARA PARA COPIA\FREEGLUT PROJECT 3D\DEBUG\MALLA.OBJ
C:\USERS\L.S.C\DESKTOP\DOCUMENTS\MASTER ING. INFORMATICA\GCO-GRAFICOS X COMPUTADOR\2015\FREEGLUT PROJECT 3D (2012) CAMARA PARA COPIA\FREEGLUT PROJECT 3D\DEBUG\NEUMATICO.OBJ
C:\USERS\L.S.C\DESKTOP\DOCUMENTS\MASTER ING. INFORMATICA\GCO-GRAFICOS X COMPUTADOR\2015\FREEGLUT PROJECT 3D (2012) CAMARA PARA COPIA\FREEGLUT PROJECT 3D\DEBUG\OBJETO3D.OBJ
C:\USERS\L.S.C\DESKTOP\DOCUMENTS\MASTER ING. INFORMATICA\GCO-GRAFICOS X COMPUTADOR\2015\FREEGLUT PROJECT 3D (2012) CAMARA PARA COPIA\FREEGLUT PROJECT 3D\DEBUG\OBJETOCOMPUESTO.OBJ
C:\USERS\L.S.C\DESKTOP\DOCUMENTS\MASTER ING. INFORMATICA\GCO-GRAFICOS X COMPUTADOR\2015\FREEGLUT PROJECT 3D (2012) CAMARA PARA COPIA\FREEGLUT PROJECT 3D\DEBUG\PINO.OBJ
C:\USERS\L.S.C\DESKTOP\DOCUMENTS\MASTER ING. INFORMATICA\GCO-GRAFICOS X COMPUTADOR\2015\FREEGLUT PROJECT 3D (2012) CAMARA PARA COPIA\FREEGLUT PROJECT 3D\DEBUG\POLOS.OBJ
C:\USERS\L.S.C\DESKTOP\DOCUMENTS\MASTER ING. INFORMATICA\GCO-GRAFICOS X COMPUTADOR\2015\FREEGLUT PROJECT 3D (2012) CAMARA PARA COPIA\FREEGLUT PROJECT 3D\DEBUG\PUNTOVECTOR3D.OBJ
C:\USERS\L.S.C\DESKTOP\DOCUMENTS\MASTER ING. INFORMATICA\GCO-GRAFICOS X COMPUTADOR\2015\FREEGLUT PROJECT 3D (2012) CAMARA PARA COPIA\FREEGLUT PROJECT 3D\DEBUG\ROBLE.OBJ
C:\USERS\L.S.C\DESKTOP\DOCUMENTS\MASTER ING. INFORMATICA\GCO-GRAFICOS X COMPUTADOR\2015\FREEGLUT PROJECT 3D (2012) CAMARA PARA COPIA\FREEGLUT PROJECT 3D\DEBUG\RUEDA.OBJ
C:\USERS\L.S.C\DESKTOP\DOCUMENTS\MASTER ING. INFORMATICA\GCO-GRAFICOS X COMPUTADOR\2015\FREEGLUT PROJECT 3D (2012) CAMARA PARA COPIA\FREEGLUT PROJECT 3D\DEBUG\TAFIN.OBJ
C:\USERS\L.S.C\DESKTOP\DOCUMENTS\MASTER ING. INFORMATICA\GCO-GRAFICOS X COMPUTADOR\2015\FREEGLUT PROJECT 3D (2012) CAMARA PARA COPIA\FREEGLUT PROJECT 3D\DEBUG\TALLO.OBJ
C:\USERS\L.S.C\DESKTOP\DOCUMENTS\MASTER ING. INFORMATICA\GCO-GRAFICOS X COMPUTADOR\2015\FREEGLUT PROJECT 3D (2012) CAMARA PARA COPIA\FREEGLUT PROJECT 3D\DEBUG\VERTICENORMAL.OBJ
C:\USERS\L.S.C\DESKTOP\DOCUMENTS\MASTER ING. INFORMATICA\GCO-GRAFICOS X COMPUTADOR\2015\FREEGLUT PROJECT 3D (2012) CAMARA PARA COPIA\FREEGLUT PROJECT 3D\DEBUG\ABETO.OBJ
C:\USERS\L.S.C\DESKTOP\DOCUMENTS\MASTER ING. INFORMATICA\GCO-GRAFICOS X COMPUTADOR\2015\FREEGLUT PROJECT 3D (2012) CAMARA PARA COPIA\FREEGLUT PROJECT 3D\DEBUG\ALAMO.OBJ
C:\USERS\L.S.C\DESKTOP\DOCUMENTS\MASTER ING. INFORMATICA\GCO-GRAFICOS X COMPUTADOR\2015\FREEGLUT PROJECT 3D (2012) CAMARA PARA COPIA\FREEGLUT PROJECT 3D\DEBUG\CAMARA.OBJ
C:\USERS\L.S.C\DESKTOP\DOCUMENTS\MASTER ING. INFORMATICA\GCO-GRAFICOS X COMPUTADOR\2015\FREEGLUT PROJECT 3D (2012) CAMARA PARA COPIA\FREEGLUT PROJECT 3D\DEBUG\CARA.OBJ
C:\USERS\L.S.C\DESKTOP\DOCUMENTS\MASTER ING. INFORMATICA\GCO-GRAFICOS X COMPUTADOR\2015\FREEGLUT PROJECT 3D (2012) CAMARA PARA COPIA\FREEGLUT PROJECT 3D\DEBUG\VC110.PDB
C:\USERS\L.S.C\DESKTOP\DOCUMENTS\MASTER ING. INFORMATICA\GCO-GRAFICOS X COMPUTADOR\2015\FREEGLUT PROJECT 3D (2012) CAMARA PARA COPIA\DEBUG\FREEGLUT PROJECT 3D.ILK
C:\USERS\L.S.C\DESKTOP\DOCUMENTS\MASTER ING. INFORMATICA\GCO-GRAFICOS X COMPUTADOR\2015\FREEGLUT PROJECT 3D (2012) CAMARA PARA COPIA\DEBUG\FREEGLUT PROJECT 3D.EXE
C:\USERS\L.S.C\DESKTOP\DOCUMENTS\MASTER ING. INFORMATICA\GCO-GRAFICOS X COMPUTADOR\2015\FREEGLUT PROJECT 3D (2012) CAMARA PARA COPIA\DEBUG\FREEGLUT PROJECT 3D.PDB
C:\Users\L.S.C\Desktop\Documents\MASTER ING. INFORMATICA\GCO-graficos x computador\2015\freeglut project 3D (2012) Camara para copia\freeglut project 3D\Debug\abeto.obj
C:\Users\L.S.C\Desktop\Documents\MASTER ING. INFORMATICA\GCO-graficos x computador\2015\freeglut project 3D (2012) Camara para copia\freeglut project 3D\Debug\Alamo.obj
C:\Users\L.S.C\Desktop\Documents\MASTER ING. INFORMATICA\GCO-graficos x computador\2015\freeglut project 3D (2012) Camara para copia\freeglut project 3D\Debug\Camara.obj
C:\Users\L.S.C\Desktop\Documents\MASTER ING. INFORMATICA\GCO-graficos x computador\2015\freeglut project 3D (2012) Camara para copia\freeglut project 3D\Debug\Cara.obj
C:\Users\L.S.C\Desktop\Documents\MASTER ING. INFORMATICA\GCO-graficos x computador\2015\freeglut project 3D (2012) Camara para copia\freeglut project 3D\Debug\Coche.obj
C:\Users\L.S.C\Desktop\Documents\MASTER ING. INFORMATICA\GCO-graficos x computador\2015\freeglut project 3D (2012) Camara para copia\freeglut project 3D\Debug\copa.obj
C:\Users\L.S.C\Desktop\Documents\MASTER ING. INFORMATICA\GCO-graficos x computador\2015\freeglut project 3D (2012) Camara para copia\freeglut project 3D\Debug\copa2.obj
C:\Users\L.S.C\Desktop\Documents\MASTER ING. INFORMATICA\GCO-graficos x computador\2015\freeglut project 3D (2012) Camara para copia\freeglut project 3D\Debug\Esfera.obj
C:\Users\L.S.C\Desktop\Documents\MASTER ING. INFORMATICA\GCO-graficos x computador\2015\freeglut project 3D (2012) Camara para copia\freeglut project 3D\Debug\farol.obj
C:\Users\L.S.C\Desktop\Documents\MASTER ING. INFORMATICA\GCO-graficos x computador\2015\freeglut project 3D (2012) Camara para copia\freeglut project 3D\Debug\Llanta.obj
C:\Users\L.S.C\Desktop\Documents\MASTER ING. INFORMATICA\GCO-graficos x computador\2015\freeglut project 3D (2012) Camara para copia\freeglut project 3D\Debug\Luz.obj
C:\Users\L.S.C\Desktop\Documents\MASTER ING. INFORMATICA\GCO-graficos x computador\2015\freeglut project 3D (2012) Camara para copia\freeglut project 3D\Debug\Malla.obj
C:\Users\L.S.C\Desktop\Documents\MASTER ING. INFORMATICA\GCO-graficos x computador\2015\freeglut project 3D (2012) Camara para copia\freeglut project 3D\Debug\Neumatico.obj
C:\Users\L.S.C\Desktop\Documents\MASTER ING. INFORMATICA\GCO-graficos x computador\2015\freeglut project 3D (2012) Camara para copia\freeglut project 3D\Debug\Objeto3D.obj
C:\Users\L.S.C\Desktop\Documents\MASTER ING. INFORMATICA\GCO-graficos x computador\2015\freeglut project 3D (2012) Camara para copia\freeglut project 3D\Debug\ObjetoCompuesto.obj
C:\Users\L.S.C\Desktop\Documents\MASTER ING. INFORMATICA\GCO-graficos x computador\2015\freeglut project 3D (2012) Camara para copia\freeglut project 3D\Debug\Pino.obj
C:\Users\L.S.C\Desktop\Documents\MASTER ING. INFORMATICA\GCO-graficos x computador\2015\freeglut project 3D (2012) Camara para copia\freeglut project 3D\Debug\Polos.obj
C:\Users\L.S.C\Desktop\Documents\MASTER ING. INFORMATICA\GCO-graficos x computador\2015\freeglut project 3D (2012) Camara para copia\freeglut project 3D\Debug\PuntoVector3D.obj
C:\Users\L.S.C\Desktop\Documents\MASTER ING. INFORMATICA\GCO-graficos x computador\2015\freeglut project 3D (2012) Camara para copia\freeglut project 3D\Debug\Roble.obj
C:\Users\L.S.C\Desktop\Documents\MASTER ING. INFORMATICA\GCO-graficos x computador\2015\freeglut project 3D (2012) Camara para copia\freeglut project 3D\Debug\Rueda.obj
C:\Users\L.S.C\Desktop\Documents\MASTER ING. INFORMATICA\GCO-graficos x computador\2015\freeglut project 3D (2012) Camara para copia\freeglut project 3D\Debug\TAfin.obj
C:\Users\L.S.C\Desktop\Documents\MASTER ING. INFORMATICA\GCO-graficos x computador\2015\freeglut project 3D (2012) Camara para copia\freeglut project 3D\Debug\tallo.obj
C:\Users\L.S.C\Desktop\Documents\MASTER ING. INFORMATICA\GCO-graficos x computador\2015\freeglut project 3D (2012) Camara para copia\freeglut project 3D\Debug\VerticeNormal.obj
C:\Users\L.S.C\Desktop\Documents\MASTER ING. INFORMATICA\GCO-graficos x computador\2015\freeglut project 3D (2012) Camara para copia\freeglut project 3D\Debug\cl.command.1.tlog
C:\Users\L.S.C\Desktop\Documents\MASTER ING. INFORMATICA\GCO-graficos x computador\2015\freeglut project 3D (2012) Camara para copia\freeglut project 3D\Debug\CL.read.1.tlog
C:\Users\L.S.C\Desktop\Documents\MASTER ING. INFORMATICA\GCO-graficos x computador\2015\freeglut project 3D (2012) Camara para copia\freeglut project 3D\Debug\CL.write.1.tlog
C:\Users\L.S.C\Desktop\Documents\MASTER ING. INFORMATICA\GCO-graficos x computador\2015\freeglut project 3D (2012) Camara para copia\freeglut project 3D\Debug\link-cvtres.read.1.tlog
C:\Users\L.S.C\Desktop\Documents\MASTER ING. INFORMATICA\GCO-graficos x computador\2015\freeglut project 3D (2012) Camara para copia\freeglut project 3D\Debug\link-cvtres.write.1.tlog
C:\Users\L.S.C\Desktop\Documents\MASTER ING. INFORMATICA\GCO-graficos x computador\2015\freeglut project 3D (2012) Camara para copia\freeglut project 3D\Debug\link-rc.read.1.tlog
C:\Users\L.S.C\Desktop\Documents\MASTER ING. INFORMATICA\GCO-graficos x computador\2015\freeglut project 3D (2012) Camara para copia\freeglut project 3D\Debug\link-rc.write.1.tlog
C:\Users\L.S.C\Desktop\Documents\MASTER ING. INFORMATICA\GCO-graficos x computador\2015\freeglut project 3D (2012) Camara para copia\freeglut project 3D\Debug\link.1336-cvtres.read.1.tlog
C:\Users\L.S.C\Desktop\Documents\MASTER ING. INFORMATICA\GCO-graficos x computador\2015\freeglut project 3D (2012) Camara para copia\freeglut project 3D\Debug\link.1336-cvtres.write.1.tlog
C:\Users\L.S.C\Desktop\Documents\MASTER ING. INFORMATICA\GCO-graficos x computador\2015\freeglut project 3D (2012) Camara para copia\freeglut project 3D\Debug\link.1336-rc.read.1.tlog
C:\Users\L.S.C\Desktop\Documents\MASTER ING. INFORMATICA\GCO-graficos x computador\2015\freeglut project 3D (2012) Camara para copia\freeglut project 3D\Debug\link.1336-rc.write.1.tlog
C:\Users\L.S.C\Desktop\Documents\MASTER ING. INFORMATICA\GCO-graficos x computador\2015\freeglut project 3D (2012) Camara para copia\freeglut project 3D\Debug\link.1336.read.1.tlog
C:\Users\L.S.C\Desktop\Documents\MASTER ING. INFORMATICA\GCO-graficos x computador\2015\freeglut project 3D (2012) Camara para copia\freeglut project 3D\Debug\link.1336.write.1.tlog
C:\Users\L.S.C\Desktop\Documents\MASTER ING. INFORMATICA\GCO-graficos x computador\2015\freeglut project 3D (2012) Camara para copia\freeglut project 3D\Debug\link.6392-cvtres.read.1.tlog
C:\Users\L.S.C\Desktop\Documents\MASTER ING. INFORMATICA\GCO-graficos x computador\2015\freeglut project 3D (2012) Camara para copia\freeglut project 3D\Debug\link.6392-cvtres.write.1.tlog
C:\Users\L.S.C\Desktop\Documents\MASTER ING. INFORMATICA\GCO-graficos x computador\2015\freeglut project 3D (2012) Camara para copia\freeglut project 3D\Debug\link.6392-rc.read.1.tlog
C:\Users\L.S.C\Desktop\Documents\MASTER ING. INFORMATICA\GCO-graficos x computador\2015\freeglut project 3D (2012) Camara para copia\freeglut project 3D\Debug\link.6392-rc.write.1.tlog
C:\Users\L.S.C\Desktop\Documents\MASTER ING. INFORMATICA\GCO-graficos x computador\2015\freeglut project 3D (2012) Camara para copia\freeglut project 3D\Debug\link.6392.read.1.tlog
C:\Users\L.S.C\Desktop\Documents\MASTER ING. INFORMATICA\GCO-graficos x computador\2015\freeglut project 3D (2012) Camara para copia\freeglut project 3D\Debug\link.6392.write.1.tlog
C:\Users\L.S.C\Desktop\Documents\MASTER ING. INFORMATICA\GCO-graficos x computador\2015\freeglut project 3D (2012) Camara para copia\freeglut project 3D\Debug\link.7140-cvtres.read.1.tlog
C:\Users\L.S.C\Desktop\Documents\MASTER ING. INFORMATICA\GCO-graficos x computador\2015\freeglut project 3D (2012) Camara para copia\freeglut project 3D\Debug\link.7140-cvtres.write.1.tlog
C:\Users\L.S.C\Desktop\Documents\MASTER ING. INFORMATICA\GCO-graficos x computador\2015\freeglut project 3D (2012) Camara para copia\freeglut project 3D\Debug\link.7140-rc.read.1.tlog
C:\Users\L.S.C\Desktop\Documents\MASTER ING. INFORMATICA\GCO-graficos x computador\2015\freeglut project 3D (2012) Camara para copia\freeglut project 3D\Debug\link.7140-rc.write.1.tlog
C:\Users\L.S.C\Desktop\Documents\MASTER ING. INFORMATICA\GCO-graficos x computador\2015\freeglut project 3D (2012) Camara para copia\freeglut project 3D\Debug\link.7140.read.1.tlog
C:\Users\L.S.C\Desktop\Documents\MASTER ING. INFORMATICA\GCO-graficos x computador\2015\freeglut project 3D (2012) Camara para copia\freeglut project 3D\Debug\link.7140.write.1.tlog
C:\Users\L.S.C\Desktop\Documents\MASTER ING. INFORMATICA\GCO-graficos x computador\2015\freeglut project 3D (2012) Camara para copia\freeglut project 3D\Debug\link.command.1.tlog
C:\Users\L.S.C\Desktop\Documents\MASTER ING. INFORMATICA\GCO-graficos x computador\2015\freeglut project 3D (2012) Camara para copia\freeglut project 3D\Debug\link.read.1.tlog
C:\Users\L.S.C\Desktop\Documents\MASTER ING. INFORMATICA\GCO-graficos x computador\2015\freeglut project 3D (2012) Camara para copia\freeglut project 3D\Debug\link.write.1.tlog
C:\Users\L.S.C\Desktop\Documents\MASTER ING. INFORMATICA\GCO-graficos x computador\2015\freeglut project 3D (2012) Camara para copia\freeglut project 3D\Debug\vc110.idb
C:\Users\L.S.C\Desktop\Documents\MASTER ING. INFORMATICA\GCO-graficos x computador\2015\freeglut project 3D (2012) Camara para copia\freeglut project 3D\Debug\vc110.pdb
C:\Users\L.S.C\Desktop\Documents\MASTER ING. INFORMATICA\GCO-graficos x computador\2015\freeglut project 3D (2012) Camara para copia\Debug\freeglut project 3D.pdb
C:\Users\L.S.C\Desktop\Documents\MASTER ING. INFORMATICA\GCO-graficos x computador\2015\freeglut project 3D (2012) Camara para copia\Debug\freeglut project 3D.exe
C:\Users\L.S.C\Desktop\Documents\MASTER ING. INFORMATICA\GCO-graficos x computador\2015\freeglut project 3D (2012) Camara para copia\Debug\freeglut project 3D.ilk
